0 info it worked if it ends with ok
1 verbose cli [ '/usr/local/bin/node', '/usr/local/bin/npm', 'run', 'example' ]
2 info using npm@3.10.3
3 info using node@v6.5.0
4 verbose run-script [ 'preexample', 'example', 'postexample' ]
5 info lifecycle fluffster@0.0.1~preexample: fluffster@0.0.1
6 silly lifecycle fluffster@0.0.1~preexample: no script for preexample, continuing
7 info lifecycle fluffster@0.0.1~example: fluffster@0.0.1
8 verbose lifecycle fluffster@0.0.1~example: unsafe-perm in lifecycle true
9 verbose lifecycle fluffster@0.0.1~example: PATH: /usr/local/lib/node_modules/npm/bin/node-gyp-bin:/Users/maciejsitko/Documents/fluffster/node_modules/.bin:/usr/local/bin:/usr/local/bin:/usr/bin:/bin:/usr/sbin:/sbin:/usr/local/share/dotnet:/Library/Frameworks/Mono.framework/Versions/Current/Commands
10 verbose lifecycle fluffster@0.0.1~example: CWD: /Users/maciejsitko/Documents/fluffster
11 silly lifecycle fluffster@0.0.1~example: Args: [ '-c',
11 silly lifecycle   'browserify example/app.js -o example/bundle.js && cd example && php -S localhost:9000' ]
12 silly lifecycle fluffster@0.0.1~example: Returned: code: 1  signal: null
13 info lifecycle fluffster@0.0.1~example: Failed to exec example script
14 verbose stack Error: fluffster@0.0.1 example: `browserify example/app.js -o example/bundle.js && cd example && php -S localhost:9000`
14 verbose stack Exit status 1
14 verbose stack     at EventEmitter.<anonymous> (/usr/local/lib/node_modules/npm/lib/utils/lifecycle.js:242:16)
14 verbose stack     at emitTwo (events.js:106:13)
14 verbose stack     at EventEmitter.emit (events.js:191:7)
14 verbose stack     at ChildProcess.<anonymous> (/usr/local/lib/node_modules/npm/lib/utils/spawn.js:40:14)
14 verbose stack     at emitTwo (events.js:106:13)
14 verbose stack     at ChildProcess.emit (events.js:191:7)
14 verbose stack     at maybeClose (internal/child_process.js:877:16)
14 verbose stack     at Process.ChildProcess._handle.onexit (internal/child_process.js:226:5)
15 verbose pkgid fluffster@0.0.1
16 verbose cwd /Users/maciejsitko/Documents/fluffster
17 error Darwin 15.6.0
18 error argv "/usr/local/bin/node" "/usr/local/bin/npm" "run" "example"
19 error node v6.5.0
20 error npm  v3.10.3
21 error code ELIFECYCLE
22 error fluffster@0.0.1 example: `browserify example/app.js -o example/bundle.js && cd example && php -S localhost:9000`
22 error Exit status 1
23 error Failed at the fluffster@0.0.1 example script 'browserify example/app.js -o example/bundle.js && cd example && php -S localhost:9000'.
23 error Make sure you have the latest version of node.js and npm installed.
23 error If you do, this is most likely a problem with the fluffster package,
23 error not with npm itself.
23 error Tell the author that this fails on your system:
23 error     browserify example/app.js -o example/bundle.js && cd example && php -S localhost:9000
23 error You can get information on how to open an issue for this project with:
23 error     npm bugs fluffster
23 error Or if that isn't available, you can get their info via:
23 error     npm owner ls fluffster
23 error There is likely additional logging output above.
24 verbose exit [ 1, true ]
